04-Aug-2023 14:23:29.361 情報 [main] org.apache.catalina.startup.VersionLoggerListener.log Serverのバージョン名:     Apache Tomcat/9.0.78
04-Aug-2023 14:23:29.367 情報 [main] org.apache.catalina.startup.VersionLoggerListener.log Server ビルド:            Jul 4 2023 13:15:43 UTC
04-Aug-2023 14:23:29.367 情報 [main] org.apache.catalina.startup.VersionLoggerListener.log サーバーのバージョン番号: 9.0.78.0
04-Aug-2023 14:23:29.367 情報 [main] org.apache.catalina.startup.VersionLoggerListener.log OS 名:                    Windows 10
04-Aug-2023 14:23:29.368 情報 [main] org.apache.catalina.startup.VersionLoggerListener.log OS バージョン:            10.0
04-Aug-2023 14:23:29.368 情報 [main] org.apache.catalina.startup.VersionLoggerListener.log アーキテクチャ:           amd64
04-Aug-2023 14:23:29.368 情報 [main] org.apache.catalina.startup.VersionLoggerListener.log Java Home:                C:\Program Files\Eclipse Foundation\jdk-16.0.2.7-hotspot
04-Aug-2023 14:23:29.368 情報 [main] org.apache.catalina.startup.VersionLoggerListener.log JVM バージョン:           16.0.2+7
04-Aug-2023 14:23:29.368 情報 [main] org.apache.catalina.startup.VersionLoggerListener.log JVM ベンダ:               Eclipse Foundation
04-Aug-2023 14:23:29.369 情報 [main] org.apache.catalina.startup.VersionLoggerListener.log CATALINA_BASE:            C:\apache-tomcat-9.0.78
04-Aug-2023 14:23:29.369 情報 [main] org.apache.catalina.startup.VersionLoggerListener.log CATALINA_HOME:            C:\apache-tomcat-9.0.78
04-Aug-2023 14:23:29.393 情報 [main] org.apache.catalina.startup.VersionLoggerListener.log コマンドライン引数:       --add-opens=java.base/java.lang=ALL-UNNAMED
04-Aug-2023 14:23:29.393 情報 [main] org.apache.catalina.startup.VersionLoggerListener.log コマンドライン引数:       --add-opens=java.base/java.io=ALL-UNNAMED
04-Aug-2023 14:23:29.394 情報 [main] org.apache.catalina.startup.VersionLoggerListener.log コマンドライン引数:       --add-opens=java.base/java.util=ALL-UNNAMED
04-Aug-2023 14:23:29.394 情報 [main] org.apache.catalina.startup.VersionLoggerListener.log コマンドライン引数:       --add-opens=java.base/java.util.concurrent=ALL-UNNAMED
04-Aug-2023 14:23:29.394 情報 [main] org.apache.catalina.startup.VersionLoggerListener.log コマンドライン引数:       --add-opens=java.rmi/sun.rmi.transport=ALL-UNNAMED
04-Aug-2023 14:23:29.394 情報 [main] org.apache.catalina.startup.VersionLoggerListener.log コマンドライン引数:       -Djava.util.logging.config.file=C:\apache-tomcat-9.0.78\conf\logging.properties
04-Aug-2023 14:23:29.395 情報 [main] org.apache.catalina.startup.VersionLoggerListener.log コマンドライン引数:       -Djava.util.logging.manager=org.apache.juli.ClassLoaderLogManager
04-Aug-2023 14:23:29.395 情報 [main] org.apache.catalina.startup.VersionLoggerListener.log コマンドライン引数:       -Djdk.tls.ephemeralDHKeySize=2048
04-Aug-2023 14:23:29.395 情報 [main] org.apache.catalina.startup.VersionLoggerListener.log コマンドライン引数:       -Djava.protocol.handler.pkgs=org.apache.catalina.webresources
04-Aug-2023 14:23:29.395 情報 [main] org.apache.catalina.startup.VersionLoggerListener.log コマンドライン引数:       -Dignore.endorsed.dirs=
04-Aug-2023 14:23:29.395 情報 [main] org.apache.catalina.startup.VersionLoggerListener.log コマンドライン引数:       -Dcatalina.base=C:\apache-tomcat-9.0.78
04-Aug-2023 14:23:29.396 情報 [main] org.apache.catalina.startup.VersionLoggerListener.log コマンドライン引数:       -Dcatalina.home=C:\apache-tomcat-9.0.78
04-Aug-2023 14:23:29.396 情報 [main] org.apache.catalina.startup.VersionLoggerListener.log コマンドライン引数:       -Djava.io.tmpdir=C:\apache-tomcat-9.0.78\temp
04-Aug-2023 14:23:29.464 情報 [main] org.apache.catalina.core.AprLifecycleListener.lifecycleEvent APRバージョン[1.7.4]を使用してAPRベースのApache Tomcatネイティブライブラリ[1.2.37]をロードしました。
04-Aug-2023 14:23:29.464 情報 [main] org.apache.catalina.core.AprLifecycleListener.lifecycleEvent APR機能: IPv6 [true]、sendfile [true]、受け入れフィルタ [false]、ランダム [true]、UDS [true]
04-Aug-2023 14:23:29.464 情報 [main] org.apache.catalina.core.AprLifecycleListener.lifecycleEvent APR/OpenSSL設定：useAprConnector [false]、useOpenSSL [true]
04-Aug-2023 14:23:29.469 情報 [main] org.apache.catalina.core.AprLifecycleListener.initializeSSL OpenSSLは [OpenSSL 1.1.1u  30 May 2023] を正常に初期化しました
04-Aug-2023 14:23:29.775 情報 [main] org.apache.coyote.AbstractProtocol.init プロトコルハンドラ ["http-nio-8080"] を初期化します。
04-Aug-2023 14:23:29.807 情報 [main] org.apache.catalina.startup.Catalina.load サーバーの初期化 [720] ミリ秒
04-Aug-2023 14:23:29.869 情報 [main] org.apache.catalina.core.StandardService.startInternal サービス [Catalina] を起動します
04-Aug-2023 14:23:29.870 情報 [main] org.apache.catalina.core.StandardEngine.startInternal サーブレットエンジンの起動：[Apache Tomcat/9.0.78]
04-Aug-2023 14:23:29.880 情報 [main] org.apache.catalina.startup.HostConfig.deployDirectory Web アプリケーションディレクトリ [C:\apache-tomcat-9.0.78\webapps\docs] を配備します
04-Aug-2023 14:23:30.239 情報 [main] org.apache.catalina.startup.HostConfig.deployDirectory ディレクトリ [C:\apache-tomcat-9.0.78\webapps\docs] の Web アプリケーションの配備は [354] ミリ秒で完了しました。
04-Aug-2023 14:23:30.240 情報 [main] org.apache.catalina.startup.HostConfig.deployDirectory Web アプリケーションディレクトリ [C:\apache-tomcat-9.0.78\webapps\examples] を配備します
04-Aug-2023 14:23:30.934 情報 [main] org.apache.catalina.startup.HostConfig.deployDirectory ディレクトリ [C:\apache-tomcat-9.0.78\webapps\examples] の Web アプリケーションの配備は [694] ミリ秒で完了しました。
04-Aug-2023 14:23:30.935 情報 [main] org.apache.catalina.startup.HostConfig.deployDirectory Web アプリケーションディレクトリ [C:\apache-tomcat-9.0.78\webapps\host-manager] を配備します
04-Aug-2023 14:23:30.980 情報 [main] org.apache.catalina.startup.HostConfig.deployDirectory ディレクトリ [C:\apache-tomcat-9.0.78\webapps\host-manager] の Web アプリケーションの配備は [45] ミリ秒で完了しました。
04-Aug-2023 14:23:30.981 情報 [main] org.apache.catalina.startup.HostConfig.deployDirectory Web アプリケーションディレクトリ [C:\apache-tomcat-9.0.78\webapps\manager] を配備します
04-Aug-2023 14:23:31.016 情報 [main] org.apache.catalina.startup.HostConfig.deployDirectory ディレクトリ [C:\apache-tomcat-9.0.78\webapps\manager] の Web アプリケーションの配備は [34] ミリ秒で完了しました。
04-Aug-2023 14:23:31.017 情報 [main] org.apache.catalina.startup.HostConfig.deployDirectory Web アプリケーションディレクトリ [C:\apache-tomcat-9.0.78\webapps\ROOT] を配備します
04-Aug-2023 14:23:31.040 情報 [main] org.apache.catalina.startup.HostConfig.deployDirectory ディレクトリ [C:\apache-tomcat-9.0.78\webapps\ROOT] の Web アプリケーションの配備は [23] ミリ秒で完了しました。
04-Aug-2023 14:23:31.044 情報 [main] org.apache.coyote.AbstractProtocol.start プロトコルハンドラー ["http-nio-8080"] を開始しました。
04-Aug-2023 14:23:31.092 情報 [main] org.apache.catalina.startup.Catalina.start サーバーの起動 [1283] ミリ秒
04-Aug-2023 14:23:42.342 情報 [main] org.apache.catalina.core.StandardServer.await 有効なシャットダウンコマンドがシャットダウンポート経由で受信されました。 サーバーインスタンスを停止します。
04-Aug-2023 14:23:42.343 情報 [main] org.apache.coyote.AbstractProtocol.pause ProtocolHandler ["http-nio-8080"] を一時停止します。
04-Aug-2023 14:23:42.352 情報 [main] org.apache.catalina.core.StandardService.stopInternal サービス [Catalina] を停止します
04-Aug-2023 14:23:42.376 情報 [main] org.apache.coyote.AbstractProtocol.stop ProtocolHandler ["http-nio-8080"]の停止中
04-Aug-2023 14:23:42.381 情報 [main] org.apache.coyote.AbstractProtocol.destroy ProtocolHandler ["http-nio-8080"] を破棄します。
04-Aug-2023 14:24:38.638 情報 [main] org.apache.catalina.startup.VersionLoggerListener.log Serverのバージョン名:     Apache Tomcat/9.0.78
04-Aug-2023 14:24:38.641 情報 [main] org.apache.catalina.startup.VersionLoggerListener.log Server ビルド:            Jul 4 2023 13:15:43 UTC
04-Aug-2023 14:24:38.642 情報 [main] org.apache.catalina.startup.VersionLoggerListener.log サーバーのバージョン番号: 9.0.78.0
04-Aug-2023 14:24:38.642 情報 [main] org.apache.catalina.startup.VersionLoggerListener.log OS 名:                    Windows 10
04-Aug-2023 14:24:38.642 情報 [main] org.apache.catalina.startup.VersionLoggerListener.log OS バージョン:            10.0
04-Aug-2023 14:24:38.642 情報 [main] org.apache.catalina.startup.VersionLoggerListener.log アーキテクチャ:           amd64
04-Aug-2023 14:24:38.642 情報 [main] org.apache.catalina.startup.VersionLoggerListener.log Java Home:                C:\Program Files\Eclipse Foundation\jdk-16.0.2.7-hotspot
04-Aug-2023 14:24:38.643 情報 [main] org.apache.catalina.startup.VersionLoggerListener.log JVM バージョン:           16.0.2+7
04-Aug-2023 14:24:38.643 情報 [main] org.apache.catalina.startup.VersionLoggerListener.log JVM ベンダ:               Eclipse Foundation
04-Aug-2023 14:24:38.643 情報 [main] org.apache.catalina.startup.VersionLoggerListener.log CATALINA_BASE:            C:\apache-tomcat-9.0.78
04-Aug-2023 14:24:38.643 情報 [main] org.apache.catalina.startup.VersionLoggerListener.log CATALINA_HOME:            C:\apache-tomcat-9.0.78
04-Aug-2023 14:24:38.653 情報 [main] org.apache.catalina.startup.VersionLoggerListener.log コマンドライン引数:       --add-opens=java.base/java.lang=ALL-UNNAMED
04-Aug-2023 14:24:38.654 情報 [main] org.apache.catalina.startup.VersionLoggerListener.log コマンドライン引数:       --add-opens=java.base/java.io=ALL-UNNAMED
04-Aug-2023 14:24:38.654 情報 [main] org.apache.catalina.startup.VersionLoggerListener.log コマンドライン引数:       --add-opens=java.base/java.util=ALL-UNNAMED
04-Aug-2023 14:24:38.654 情報 [main] org.apache.catalina.startup.VersionLoggerListener.log コマンドライン引数:       --add-opens=java.base/java.util.concurrent=ALL-UNNAMED
04-Aug-2023 14:24:38.654 情報 [main] org.apache.catalina.startup.VersionLoggerListener.log コマンドライン引数:       --add-opens=java.rmi/sun.rmi.transport=ALL-UNNAMED
04-Aug-2023 14:24:38.655 情報 [main] org.apache.catalina.startup.VersionLoggerListener.log コマンドライン引数:       -Djava.util.logging.config.file=C:\apache-tomcat-9.0.78\conf\logging.properties
04-Aug-2023 14:24:38.655 情報 [main] org.apache.catalina.startup.VersionLoggerListener.log コマンドライン引数:       -Djava.util.logging.manager=org.apache.juli.ClassLoaderLogManager
04-Aug-2023 14:24:38.655 情報 [main] org.apache.catalina.startup.VersionLoggerListener.log コマンドライン引数:       -Djdk.tls.ephemeralDHKeySize=2048
04-Aug-2023 14:24:38.655 情報 [main] org.apache.catalina.startup.VersionLoggerListener.log コマンドライン引数:       -Djava.protocol.handler.pkgs=org.apache.catalina.webresources
04-Aug-2023 14:24:38.656 情報 [main] org.apache.catalina.startup.VersionLoggerListener.log コマンドライン引数:       -Dignore.endorsed.dirs=
04-Aug-2023 14:24:38.656 情報 [main] org.apache.catalina.startup.VersionLoggerListener.log コマンドライン引数:       -Dcatalina.base=C:\apache-tomcat-9.0.78
04-Aug-2023 14:24:38.656 情報 [main] org.apache.catalina.startup.VersionLoggerListener.log コマンドライン引数:       -Dcatalina.home=C:\apache-tomcat-9.0.78
04-Aug-2023 14:24:38.656 情報 [main] org.apache.catalina.startup.VersionLoggerListener.log コマンドライン引数:       -Djava.io.tmpdir=C:\apache-tomcat-9.0.78\temp
04-Aug-2023 14:24:38.684 情報 [main] org.apache.catalina.core.AprLifecycleListener.lifecycleEvent APRバージョン[1.7.4]を使用してAPRベースのApache Tomcatネイティブライブラリ[1.2.37]をロードしました。
04-Aug-2023 14:24:38.685 情報 [main] org.apache.catalina.core.AprLifecycleListener.lifecycleEvent APR機能: IPv6 [true]、sendfile [true]、受け入れフィルタ [false]、ランダム [true]、UDS [true]
04-Aug-2023 14:24:38.685 情報 [main] org.apache.catalina.core.AprLifecycleListener.lifecycleEvent APR/OpenSSL設定：useAprConnector [false]、useOpenSSL [true]
04-Aug-2023 14:24:38.690 情報 [main] org.apache.catalina.core.AprLifecycleListener.initializeSSL OpenSSLは [OpenSSL 1.1.1u  30 May 2023] を正常に初期化しました
04-Aug-2023 14:24:38.905 情報 [main] org.apache.coyote.AbstractProtocol.init プロトコルハンドラ ["http-nio-8080"] を初期化します。
04-Aug-2023 14:24:38.923 情報 [main] org.apache.catalina.startup.Catalina.load サーバーの初期化 [458] ミリ秒
04-Aug-2023 14:24:38.969 情報 [main] org.apache.catalina.core.StandardService.startInternal サービス [Catalina] を起動します
04-Aug-2023 14:24:38.969 情報 [main] org.apache.catalina.core.StandardEngine.startInternal サーブレットエンジンの起動：[Apache Tomcat/9.0.78]
04-Aug-2023 14:24:38.976 情報 [main] org.apache.catalina.startup.HostConfig.deployDirectory Web アプリケーションディレクトリ [C:\apache-tomcat-9.0.78\webapps\docs] を配備します
04-Aug-2023 14:24:39.263 情報 [main] org.apache.catalina.startup.HostConfig.deployDirectory ディレクトリ [C:\apache-tomcat-9.0.78\webapps\docs] の Web アプリケーションの配備は [286] ミリ秒で完了しました。
04-Aug-2023 14:24:39.264 情報 [main] org.apache.catalina.startup.HostConfig.deployDirectory Web アプリケーションディレクトリ [C:\apache-tomcat-9.0.78\webapps\examples] を配備します
04-Aug-2023 14:24:39.853 情報 [main] org.apache.catalina.startup.HostConfig.deployDirectory ディレクトリ [C:\apache-tomcat-9.0.78\webapps\examples] の Web アプリケーションの配備は [589] ミリ秒で完了しました。
04-Aug-2023 14:24:39.854 情報 [main] org.apache.catalina.startup.HostConfig.deployDirectory Web アプリケーションディレクトリ [C:\apache-tomcat-9.0.78\webapps\host-manager] を配備します
04-Aug-2023 14:24:39.889 情報 [main] org.apache.catalina.startup.HostConfig.deployDirectory ディレクトリ [C:\apache-tomcat-9.0.78\webapps\host-manager] の Web アプリケーションの配備は [34] ミリ秒で完了しました。
04-Aug-2023 14:24:39.889 情報 [main] org.apache.catalina.startup.HostConfig.deployDirectory Web アプリケーションディレクトリ [C:\apache-tomcat-9.0.78\webapps\manager] を配備します
04-Aug-2023 14:24:39.920 情報 [main] org.apache.catalina.startup.HostConfig.deployDirectory ディレクトリ [C:\apache-tomcat-9.0.78\webapps\manager] の Web アプリケーションの配備は [31] ミリ秒で完了しました。
04-Aug-2023 14:24:39.920 情報 [main] org.apache.catalina.startup.HostConfig.deployDirectory Web アプリケーションディレクトリ [C:\apache-tomcat-9.0.78\webapps\ROOT] を配備します
04-Aug-2023 14:24:39.947 情報 [main] org.apache.catalina.startup.HostConfig.deployDirectory ディレクトリ [C:\apache-tomcat-9.0.78\webapps\ROOT] の Web アプリケーションの配備は [26] ミリ秒で完了しました。
04-Aug-2023 14:24:39.951 情報 [main] org.apache.coyote.AbstractProtocol.start プロトコルハンドラー ["http-nio-8080"] を開始しました。
04-Aug-2023 14:24:39.986 情報 [main] org.apache.catalina.startup.Catalina.start サーバーの起動 [1062] ミリ秒
04-Aug-2023 14:25:23.152 情報 [main] org.apache.catalina.core.StandardServer.await 有効なシャットダウンコマンドがシャットダウンポート経由で受信されました。 サーバーインスタンスを停止します。
04-Aug-2023 14:25:23.153 情報 [main] org.apache.coyote.AbstractProtocol.pause ProtocolHandler ["http-nio-8080"] を一時停止します。
04-Aug-2023 14:25:23.166 情報 [main] org.apache.catalina.core.StandardService.stopInternal サービス [Catalina] を停止します
04-Aug-2023 14:25:23.185 情報 [main] org.apache.coyote.AbstractProtocol.stop ProtocolHandler ["http-nio-8080"]の停止中
04-Aug-2023 14:25:23.205 情報 [main] org.apache.coyote.AbstractProtocol.destroy ProtocolHandler ["http-nio-8080"] を破棄します。
04-Aug-2023 14:30:10.925 情報 [main] org.apache.catalina.startup.VersionLoggerListener.log Serverのバージョン名:     Apache Tomcat/9.0.78
04-Aug-2023 14:30:10.929 情報 [main] org.apache.catalina.startup.VersionLoggerListener.log Server ビルド:            Jul 4 2023 13:15:43 UTC
04-Aug-2023 14:30:10.930 情報 [main] org.apache.catalina.startup.VersionLoggerListener.log サーバーのバージョン番号: 9.0.78.0
04-Aug-2023 14:30:10.930 情報 [main] org.apache.catalina.startup.VersionLoggerListener.log OS 名:                    Windows 10
04-Aug-2023 14:30:10.930 情報 [main] org.apache.catalina.startup.VersionLoggerListener.log OS バージョン:            10.0
04-Aug-2023 14:30:10.930 情報 [main] org.apache.catalina.startup.VersionLoggerListener.log アーキテクチャ:           amd64
04-Aug-2023 14:30:10.930 情報 [main] org.apache.catalina.startup.VersionLoggerListener.log Java Home:                C:\Program Files\Eclipse Foundation\jdk-16.0.2.7-hotspot
04-Aug-2023 14:30:10.930 情報 [main] org.apache.catalina.startup.VersionLoggerListener.log JVM バージョン:           16.0.2+7
04-Aug-2023 14:30:10.931 情報 [main] org.apache.catalina.startup.VersionLoggerListener.log JVM ベンダ:               Eclipse Foundation
04-Aug-2023 14:30:10.931 情報 [main] org.apache.catalina.startup.VersionLoggerListener.log CATALINA_BASE:            C:\apache-tomcat-9.0.78
04-Aug-2023 14:30:10.931 情報 [main] org.apache.catalina.startup.VersionLoggerListener.log CATALINA_HOME:            C:\apache-tomcat-9.0.78
04-Aug-2023 14:30:10.943 情報 [main] org.apache.catalina.startup.VersionLoggerListener.log コマンドライン引数:       --add-opens=java.base/java.lang=ALL-UNNAMED
04-Aug-2023 14:30:10.943 情報 [main] org.apache.catalina.startup.VersionLoggerListener.log コマンドライン引数:       --add-opens=java.base/java.io=ALL-UNNAMED
04-Aug-2023 14:30:10.943 情報 [main] org.apache.catalina.startup.VersionLoggerListener.log コマンドライン引数:       --add-opens=java.base/java.util=ALL-UNNAMED
04-Aug-2023 14:30:10.944 情報 [main] org.apache.catalina.startup.VersionLoggerListener.log コマンドライン引数:       --add-opens=java.base/java.util.concurrent=ALL-UNNAMED
04-Aug-2023 14:30:10.944 情報 [main] org.apache.catalina.startup.VersionLoggerListener.log コマンドライン引数:       --add-opens=java.rmi/sun.rmi.transport=ALL-UNNAMED
04-Aug-2023 14:30:10.944 情報 [main] org.apache.catalina.startup.VersionLoggerListener.log コマンドライン引数:       -Djava.util.logging.config.file=C:\apache-tomcat-9.0.78\conf\logging.properties
04-Aug-2023 14:30:10.944 情報 [main] org.apache.catalina.startup.VersionLoggerListener.log コマンドライン引数:       -Djava.util.logging.manager=org.apache.juli.ClassLoaderLogManager
04-Aug-2023 14:30:10.944 情報 [main] org.apache.catalina.startup.VersionLoggerListener.log コマンドライン引数:       -Djdk.tls.ephemeralDHKeySize=2048
04-Aug-2023 14:30:10.945 情報 [main] org.apache.catalina.startup.VersionLoggerListener.log コマンドライン引数:       -Djava.protocol.handler.pkgs=org.apache.catalina.webresources
04-Aug-2023 14:30:10.945 情報 [main] org.apache.catalina.startup.VersionLoggerListener.log コマンドライン引数:       -Dignore.endorsed.dirs=
04-Aug-2023 14:30:10.945 情報 [main] org.apache.catalina.startup.VersionLoggerListener.log コマンドライン引数:       -Dcatalina.base=C:\apache-tomcat-9.0.78
04-Aug-2023 14:30:10.946 情報 [main] org.apache.catalina.startup.VersionLoggerListener.log コマンドライン引数:       -Dcatalina.home=C:\apache-tomcat-9.0.78
04-Aug-2023 14:30:10.946 情報 [main] org.apache.catalina.startup.VersionLoggerListener.log コマンドライン引数:       -Djava.io.tmpdir=C:\apache-tomcat-9.0.78\temp
04-Aug-2023 14:30:10.950 情報 [main] org.apache.catalina.core.AprLifecycleListener.lifecycleEvent APRバージョン[1.7.4]を使用してAPRベースのApache Tomcatネイティブライブラリ[1.2.37]をロードしました。
04-Aug-2023 14:30:10.951 情報 [main] org.apache.catalina.core.AprLifecycleListener.lifecycleEvent APR機能: IPv6 [true]、sendfile [true]、受け入れフィルタ [false]、ランダム [true]、UDS [true]
04-Aug-2023 14:30:10.951 情報 [main] org.apache.catalina.core.AprLifecycleListener.lifecycleEvent APR/OpenSSL設定：useAprConnector [false]、useOpenSSL [true]
04-Aug-2023 14:30:10.956 情報 [main] org.apache.catalina.core.AprLifecycleListener.initializeSSL OpenSSLは [OpenSSL 1.1.1u  30 May 2023] を正常に初期化しました
04-Aug-2023 14:30:11.185 情報 [main] org.apache.coyote.AbstractProtocol.init プロトコルハンドラ ["http-nio-8080"] を初期化します。
04-Aug-2023 14:30:11.206 情報 [main] org.apache.catalina.startup.Catalina.load サーバーの初期化 [459] ミリ秒
04-Aug-2023 14:30:11.250 情報 [main] org.apache.catalina.core.StandardService.startInternal サービス [Catalina] を起動します
04-Aug-2023 14:30:11.251 情報 [main] org.apache.catalina.core.StandardEngine.startInternal サーブレットエンジンの起動：[Apache Tomcat/9.0.78]
04-Aug-2023 14:30:11.259 情報 [main] org.apache.catalina.startup.HostConfig.deployDirectory Web アプリケーションディレクトリ [C:\apache-tomcat-9.0.78\webapps\docs] を配備します
04-Aug-2023 14:30:11.547 情報 [main] org.apache.catalina.startup.HostConfig.deployDirectory ディレクトリ [C:\apache-tomcat-9.0.78\webapps\docs] の Web アプリケーションの配備は [286] ミリ秒で完了しました。
04-Aug-2023 14:30:11.547 情報 [main] org.apache.catalina.startup.HostConfig.deployDirectory Web アプリケーションディレクトリ [C:\apache-tomcat-9.0.78\webapps\examples] を配備します
04-Aug-2023 14:30:11.894 情報 [main] org.apache.catalina.startup.HostConfig.deployDirectory ディレクトリ [C:\apache-tomcat-9.0.78\webapps\examples] の Web アプリケーションの配備は [347] ミリ秒で完了しました。
04-Aug-2023 14:30:11.895 情報 [main] org.apache.catalina.startup.HostConfig.deployDirectory Web アプリケーションディレクトリ [C:\apache-tomcat-9.0.78\webapps\host-manager] を配備します
04-Aug-2023 14:30:11.928 情報 [main] org.apache.catalina.startup.HostConfig.deployDirectory ディレクトリ [C:\apache-tomcat-9.0.78\webapps\host-manager] の Web アプリケーションの配備は [32] ミリ秒で完了しました。
04-Aug-2023 14:30:11.928 情報 [main] org.apache.catalina.startup.HostConfig.deployDirectory Web アプリケーションディレクトリ [C:\apache-tomcat-9.0.78\webapps\javaweb] を配備します
04-Aug-2023 14:30:11.962 情報 [main] org.apache.catalina.startup.HostConfig.deployDirectory ディレクトリ [C:\apache-tomcat-9.0.78\webapps\javaweb] の Web アプリケーションの配備は [34] ミリ秒で完了しました。
04-Aug-2023 14:30:11.963 情報 [main] org.apache.catalina.startup.HostConfig.deployDirectory Web アプリケーションディレクトリ [C:\apache-tomcat-9.0.78\webapps\manager] を配備します
04-Aug-2023 14:30:11.994 情報 [main] org.apache.catalina.startup.HostConfig.deployDirectory ディレクトリ [C:\apache-tomcat-9.0.78\webapps\manager] の Web アプリケーションの配備は [31] ミリ秒で完了しました。
04-Aug-2023 14:30:11.994 情報 [main] org.apache.catalina.startup.HostConfig.deployDirectory Web アプリケーションディレクトリ [C:\apache-tomcat-9.0.78\webapps\ROOT] を配備します
04-Aug-2023 14:30:12.017 情報 [main] org.apache.catalina.startup.HostConfig.deployDirectory ディレクトリ [C:\apache-tomcat-9.0.78\webapps\ROOT] の Web アプリケーションの配備は [22] ミリ秒で完了しました。
04-Aug-2023 14:30:12.022 情報 [main] org.apache.coyote.AbstractProtocol.start プロトコルハンドラー ["http-nio-8080"] を開始しました。
04-Aug-2023 14:30:12.058 情報 [main] org.apache.catalina.startup.Catalina.start サーバーの起動 [851] ミリ秒
04-Aug-2023 14:37:12.643 情報 [main] org.apache.catalina.core.StandardServer.await 有効なシャットダウンコマンドがシャットダウンポート経由で受信されました。 サーバーインスタンスを停止します。
04-Aug-2023 14:37:12.643 情報 [main] org.apache.coyote.AbstractProtocol.pause ProtocolHandler ["http-nio-8080"] を一時停止します。
04-Aug-2023 14:37:12.653 情報 [main] org.apache.catalina.core.StandardService.stopInternal サービス [Catalina] を停止します
04-Aug-2023 14:37:12.685 情報 [main] org.apache.coyote.AbstractProtocol.stop ProtocolHandler ["http-nio-8080"]の停止中
04-Aug-2023 14:37:12.705 情報 [main] org.apache.coyote.AbstractProtocol.destroy ProtocolHandler ["http-nio-8080"] を破棄します。
04-Aug-2023 16:39:44.029 情報 [main] org.apache.catalina.startup.VersionLoggerListener.log Serverのバージョン名:     Apache Tomcat/9.0.78
04-Aug-2023 16:39:44.032 情報 [main] org.apache.catalina.startup.VersionLoggerListener.log Server ビルド:            Jul 4 2023 13:15:43 UTC
04-Aug-2023 16:39:44.033 情報 [main] org.apache.catalina.startup.VersionLoggerListener.log サーバーのバージョン番号: 9.0.78.0
04-Aug-2023 16:39:44.033 情報 [main] org.apache.catalina.startup.VersionLoggerListener.log OS 名:                    Windows 10
04-Aug-2023 16:39:44.033 情報 [main] org.apache.catalina.startup.VersionLoggerListener.log OS バージョン:            10.0
04-Aug-2023 16:39:44.033 情報 [main] org.apache.catalina.startup.VersionLoggerListener.log アーキテクチャ:           amd64
04-Aug-2023 16:39:44.033 情報 [main] org.apache.catalina.startup.VersionLoggerListener.log Java Home:                C:\Program Files\Eclipse Foundation\jdk-16.0.2.7-hotspot
04-Aug-2023 16:39:44.034 情報 [main] org.apache.catalina.startup.VersionLoggerListener.log JVM バージョン:           16.0.2+7
04-Aug-2023 16:39:44.034 情報 [main] org.apache.catalina.startup.VersionLoggerListener.log JVM ベンダ:               Eclipse Foundation
04-Aug-2023 16:39:44.034 情報 [main] org.apache.catalina.startup.VersionLoggerListener.log CATALINA_BASE:            C:\apache-tomcat-9.0.78
04-Aug-2023 16:39:44.034 情報 [main] org.apache.catalina.startup.VersionLoggerListener.log CATALINA_HOME:            C:\apache-tomcat-9.0.78
04-Aug-2023 16:39:44.047 情報 [main] org.apache.catalina.startup.VersionLoggerListener.log コマンドライン引数:       --add-opens=java.base/java.lang=ALL-UNNAMED
04-Aug-2023 16:39:44.047 情報 [main] org.apache.catalina.startup.VersionLoggerListener.log コマンドライン引数:       --add-opens=java.base/java.io=ALL-UNNAMED
04-Aug-2023 16:39:44.047 情報 [main] org.apache.catalina.startup.VersionLoggerListener.log コマンドライン引数:       --add-opens=java.base/java.util=ALL-UNNAMED
04-Aug-2023 16:39:44.047 情報 [main] org.apache.catalina.startup.VersionLoggerListener.log コマンドライン引数:       --add-opens=java.base/java.util.concurrent=ALL-UNNAMED
04-Aug-2023 16:39:44.048 情報 [main] org.apache.catalina.startup.VersionLoggerListener.log コマンドライン引数:       --add-opens=java.rmi/sun.rmi.transport=ALL-UNNAMED
04-Aug-2023 16:39:44.048 情報 [main] org.apache.catalina.startup.VersionLoggerListener.log コマンドライン引数:       -Djava.util.logging.config.file=C:\apache-tomcat-9.0.78\conf\logging.properties
04-Aug-2023 16:39:44.048 情報 [main] org.apache.catalina.startup.VersionLoggerListener.log コマンドライン引数:       -Djava.util.logging.manager=org.apache.juli.ClassLoaderLogManager
04-Aug-2023 16:39:44.048 情報 [main] org.apache.catalina.startup.VersionLoggerListener.log コマンドライン引数:       -Djdk.tls.ephemeralDHKeySize=2048
04-Aug-2023 16:39:44.048 情報 [main] org.apache.catalina.startup.VersionLoggerListener.log コマンドライン引数:       -Djava.protocol.handler.pkgs=org.apache.catalina.webresources
04-Aug-2023 16:39:44.048 情報 [main] org.apache.catalina.startup.VersionLoggerListener.log コマンドライン引数:       -Dignore.endorsed.dirs=
04-Aug-2023 16:39:44.049 情報 [main] org.apache.catalina.startup.VersionLoggerListener.log コマンドライン引数:       -Dcatalina.base=C:\apache-tomcat-9.0.78
04-Aug-2023 16:39:44.049 情報 [main] org.apache.catalina.startup.VersionLoggerListener.log コマンドライン引数:       -Dcatalina.home=C:\apache-tomcat-9.0.78
04-Aug-2023 16:39:44.049 情報 [main] org.apache.catalina.startup.VersionLoggerListener.log コマンドライン引数:       -Djava.io.tmpdir=C:\apache-tomcat-9.0.78\temp
04-Aug-2023 16:39:44.053 情報 [main] org.apache.catalina.core.AprLifecycleListener.lifecycleEvent APRバージョン[1.7.4]を使用してAPRベースのApache Tomcatネイティブライブラリ[1.2.37]をロードしました。
04-Aug-2023 16:39:44.053 情報 [main] org.apache.catalina.core.AprLifecycleListener.lifecycleEvent APR機能: IPv6 [true]、sendfile [true]、受け入れフィルタ [false]、ランダム [true]、UDS [true]
04-Aug-2023 16:39:44.053 情報 [main] org.apache.catalina.core.AprLifecycleListener.lifecycleEvent APR/OpenSSL設定：useAprConnector [false]、useOpenSSL [true]
04-Aug-2023 16:39:44.057 情報 [main] org.apache.catalina.core.AprLifecycleListener.initializeSSL OpenSSLは [OpenSSL 1.1.1u  30 May 2023] を正常に初期化しました
04-Aug-2023 16:39:44.287 情報 [main] org.apache.coyote.AbstractProtocol.init プロトコルハンドラ ["http-nio-8080"] を初期化します。
04-Aug-2023 16:39:44.309 情報 [main] org.apache.catalina.startup.Catalina.load サーバーの初期化 [481] ミリ秒
04-Aug-2023 16:39:44.354 情報 [main] org.apache.catalina.core.StandardService.startInternal サービス [Catalina] を起動します
04-Aug-2023 16:39:44.354 情報 [main] org.apache.catalina.core.StandardEngine.startInternal サーブレットエンジンの起動：[Apache Tomcat/9.0.78]
04-Aug-2023 16:39:44.360 情報 [main] org.apache.catalina.startup.HostConfig.deployDirectory Web アプリケーションディレクトリ [C:\apache-tomcat-9.0.78\webapps\docs] を配備します
04-Aug-2023 16:39:44.658 情報 [main] org.apache.catalina.startup.HostConfig.deployDirectory ディレクトリ [C:\apache-tomcat-9.0.78\webapps\docs] の Web アプリケーションの配備は [296] ミリ秒で完了しました。
04-Aug-2023 16:39:44.659 情報 [main] org.apache.catalina.startup.HostConfig.deployDirectory Web アプリケーションディレクトリ [C:\apache-tomcat-9.0.78\webapps\examples] を配備します
04-Aug-2023 16:39:45.017 情報 [main] org.apache.catalina.startup.HostConfig.deployDirectory ディレクトリ [C:\apache-tomcat-9.0.78\webapps\examples] の Web アプリケーションの配備は [359] ミリ秒で完了しました。
04-Aug-2023 16:39:45.018 情報 [main] org.apache.catalina.startup.HostConfig.deployDirectory Web アプリケーションディレクトリ [C:\apache-tomcat-9.0.78\webapps\host-manager] を配備します
04-Aug-2023 16:39:45.051 情報 [main] org.apache.catalina.startup.HostConfig.deployDirectory ディレクトリ [C:\apache-tomcat-9.0.78\webapps\host-manager] の Web アプリケーションの配備は [33] ミリ秒で完了しました。
04-Aug-2023 16:39:45.051 情報 [main] org.apache.catalina.startup.HostConfig.deployDirectory Web アプリケーションディレクトリ [C:\apache-tomcat-9.0.78\webapps\javaweb] を配備します
04-Aug-2023 16:39:45.085 情報 [main] org.apache.catalina.startup.HostConfig.deployDirectory ディレクトリ [C:\apache-tomcat-9.0.78\webapps\javaweb] の Web アプリケーションの配備は [34] ミリ秒で完了しました。
04-Aug-2023 16:39:45.085 情報 [main] org.apache.catalina.startup.HostConfig.deployDirectory Web アプリケーションディレクトリ [C:\apache-tomcat-9.0.78\webapps\manager] を配備します
04-Aug-2023 16:39:45.115 情報 [main] org.apache.catalina.startup.HostConfig.deployDirectory ディレクトリ [C:\apache-tomcat-9.0.78\webapps\manager] の Web アプリケーションの配備は [30] ミリ秒で完了しました。
04-Aug-2023 16:39:45.116 情報 [main] org.apache.catalina.startup.HostConfig.deployDirectory Web アプリケーションディレクトリ [C:\apache-tomcat-9.0.78\webapps\ROOT] を配備します
04-Aug-2023 16:39:45.137 情報 [main] org.apache.catalina.startup.HostConfig.deployDirectory ディレクトリ [C:\apache-tomcat-9.0.78\webapps\ROOT] の Web アプリケーションの配備は [21] ミリ秒で完了しました。
04-Aug-2023 16:39:45.142 情報 [main] org.apache.coyote.AbstractProtocol.start プロトコルハンドラー ["http-nio-8080"] を開始しました。
04-Aug-2023 16:39:45.176 情報 [main] org.apache.catalina.startup.Catalina.start サーバーの起動 [865] ミリ秒
